[04:56:06] [main/INFO]: Environment: authHost='https://authserver.mojang.com', accountsHost='https://api.mojang.com', sessionHost='https://sessionserver.mojang.com', name='PROD'
[04:56:08] [main/WARN]: Ambiguity between arguments [teleport, destination] and [teleport, targets] with inputs: [Player, 0123, @e, dd12be42-52a9-4a91-a8a1-11c01849e498]
[04:56:08] [main/WARN]: Ambiguity between arguments [teleport, location] and [teleport, destination] with inputs: [0.1 -0.5 .9, 0 0 0]
[04:56:08] [main/WARN]: Ambiguity between arguments [teleport, location] and [teleport, targets] with inputs: [0.1 -0.5 .9, 0 0 0]
[04:56:08] [main/WARN]: Ambiguity between arguments [teleport, targets] and [teleport, destination] with inputs: [Player, 0123, dd12be42-52a9-4a91-a8a1-11c01849e498]
[04:56:08] [main/WARN]: Ambiguity between arguments [teleport, targets, location] and [teleport, targets, destination] with inputs: [0.1 -0.5 .9, 0 0 0]
[04:56:08] [main/INFO]: Reloading ResourceManager: Default
[04:56:10] [Worker-Main-2/INFO]: Loaded 7 recipes
[04:56:10] [Worker-Main-2/INFO]: Loaded 927 advancements
[04:56:12] [Server thread/INFO]: Starting minecraft server version 1.16.1
[04:56:12] [Server thread/WARN]: To start the server with more ram, launch it as "java -Xmx1024M -Xms1024M -jar minecraft_server.jar"
[04:56:12] [Server thread/INFO]: Loading properties
[04:56:12] [Server thread/INFO]: Default game type: SURVIVAL
[04:56:12] [Server thread/INFO]: Generating keypair
[04:56:13] [Server thread/INFO]: Starting Minecraft server on *:25565
[04:56:13] [Server thread/INFO]: Using epoll channel type
[04:56:13] [Server thread/INFO]: Preparing level "world"
[04:56:13] [Server thread/INFO]: Preparing start region for dimension minecraft:overworld
[04:56:17] [Server thread/INFO]: Preparing spawn area: 0%
[04:56:17] [Server thread/INFO]: Preparing spawn area: 0%
[04:56:17] [Server thread/INFO]: Preparing spawn area: 0%
[04:56:17] [Server thread/INFO]: Preparing spawn area: 0%
[04:56:17] [Server thread/INFO]: Preparing spawn area: 0%
[04:56:17] [Server thread/INFO]: Preparing spawn area: 0%
[04:56:17] [Server thread/INFO]: Preparing spawn area: 0%
[04:56:17] [Worker-Main-3/INFO]: Preparing spawn area: 0%
[04:56:18] [Server thread/INFO]: Preparing spawn area: 8%
[04:56:23] [Worker-Main-3/INFO]: Preparing spawn area: 44%
[04:56:23] [Server thread/INFO]: Preparing spawn area: 44%
[04:56:23] [Server thread/INFO]: Preparing spawn area: 44%
[04:56:23] [Server thread/INFO]: Preparing spawn area: 44%
[04:56:23] [Worker-Main-3/INFO]: Preparing spawn area: 44%
[04:56:23] [Server thread/INFO]: Preparing spawn area: 44%
[04:56:23] [Worker-Main-3/INFO]: Preparing spawn area: 44%
[04:56:23] [Server thread/INFO]: Preparing spawn area: 44%
[04:56:23] [Server thread/INFO]: Preparing spawn area: 44%
[04:56:23] [Server thread/INFO]: Preparing spawn area: 44%
[04:56:23] [Server thread/INFO]: Preparing spawn area: 44%
[04:56:24] [Worker-Main-3/INFO]: Preparing spawn area: 44%
[04:56:24] [Worker-Main-3/INFO]: Preparing spawn area: 95%
[04:56:25] [Worker-Main-3/INFO]: Preparing spawn area: 95%
[04:56:25] [Worker-Main-3/INFO]: Preparing spawn area: 95%
[04:56:26] [Worker-Main-3/INFO]: Preparing spawn area: 95%
[04:56:26] [Worker-Main-3/INFO]: Preparing spawn area: 95%
[04:56:27] [Worker-Main-3/INFO]: Preparing spawn area: 95%
[04:56:27] [Server thread/INFO]: Preparing spawn area: 95%
[04:56:28] [Server thread/INFO]: Preparing spawn area: 96%
[04:56:28] [Worker-Main-3/INFO]: Preparing spawn area: 96%
[04:56:29] [Server thread/INFO]: Preparing spawn area: 97%
[04:56:29] [Worker-Main-3/INFO]: Preparing spawn area: 97%
[04:56:30] [Worker-Main-3/INFO]: Preparing spawn area: 98%
[04:56:30] [Worker-Main-3/INFO]: Preparing spawn area: 99%
[04:56:31] [Server thread/INFO]: Time elapsed: 17274 ms
[04:56:31] [Server thread/INFO]: Done (17.515s)! For help, type "help"
[04:56:41] [User Authenticator #1/INFO]: UUID of player Prakashious is 9e2b6f0e-54f2-4efb-be9a-d0cd37321b68
[04:56:41] [Server thread/INFO]: Prakashious[/24.47.143.132:48026] logged in with entity id 193 at (25.628067082575043, 64.0, -192.53125009187985)
[04:56:41] [Server thread/INFO]: Prakashious joined the game
[04:58:01] [Server thread/INFO]: Prakashious fell out of the world
[04:58:01] [Server thread/INFO]: Killed Prakashious
[04:58:13] [Server thread/INFO]: Stopping the server
[04:58:13] [Server thread/INFO]: Stopping server
[04:58:13] [Server thread/INFO]: Saving players
[04:58:13] [Server thread/INFO]: Prakashious lost connection: Server closed
[04:58:13] [Server thread/INFO]: Prakashious left the game
[04:58:13] [Server thread/INFO]: Saving worlds
[04:58:13] [Server thread/INFO]: Saving chunks for level 'ServerLevel[world]'/minecraft:overworld
[04:58:15] [Server thread/INFO]: ThreadedAnvilChunkStorage (world): All chunks are saved
[04:58:15] [Server thread/INFO]: Saving chunks for level 'ServerLevel[world]'/minecraft:the_nether
[04:58:15] [Server thread/INFO]: ThreadedAnvilChunkStorage (DIM-1): All chunks are saved
[04:58:15] [Server thread/INFO]: Saving chunks for level 'ServerLevel[world]'/minecraft:the_end
[04:58:15] [Server thread/INFO]: ThreadedAnvilChunkStorage (DIM1): All chunks are saved
[04:58:15] [Server thread/INFO]: ThreadedAnvilChunkStorage (world): All chunks are saved
[04:58:15] [Server thread/INFO]: ThreadedAnvilChunkStorage (DIM-1): All chunks are saved
[04:58:15] [Server thread/INFO]: ThreadedAnvilChunkStorage (DIM1): All chunks are saved
